Build started 2014-01-22 00:40:44.
     1>Project "E:\Moje programy\C++\RPQ\RPQ\RPQ.vcxproj" on node 2 (build target(s)).
     1>InitializeBuildStatus:
         Creating "Debug\RPQ.unsuccessfulbuild" because "AlwaysCreate" was specified.
       ClCompile:
         All outputs are up-to-date.
         E:\programy\Microsoft Visual Studio 10.0\VC\bin\CL.exe /c /ZI /nologo /W3 /WX- /Od /Oy- /D WIN32 /D _DEBUG /D _CONSOLE /D _UNICODE /D UNICODE /Gm /EHsc /RTC1 /MDd /GS /fp:precise /Zc:wchar_t /Zc:forScope /Yu"StdAfx.h" /Fp"Debug\RPQ.pch" /Fo"Debug\\" /Fd"Debug\vc100.pdb" /Gd /TP /analyze- /errorReport:prompt RPQ.cpp
         RPQ.cpp
     1>e:\moje programy\c++\rpq\rpq\rpq.cpp(30): warning C4244: 'argument' : conversion from 'time_t' to 'unsigned int', possible loss of data
     1>e:\moje programy\c++\rpq\rpq\rpq.cpp(41): warning C4101: 'wskaznik' : unreferenced local variable
     1>e:\moje programy\c++\rpq\rpq\rpq.cpp(40): warning C4101: 'r' : unreferenced local variable
       ManifestResourceCompile:
         All outputs are up-to-date.
       Link:
         E:\programy\Microsoft Visual Studio 10.0\VC\bin\link.exe /ERRORREPORT:PROMPT /OUT:"E:\Moje programy\C++\RPQ\Debug\RPQ.exe" /INCREMENTAL /NOLOGO kernel32.lib user32.lib gdi32.lib winspool.lib comdlg32.lib advapi32.lib shell32.lib ole32.lib oleaut32.lib uuid.lib odbc32.lib odbccp32.lib /MANIFEST /ManifestFile:"Debug\RPQ.exe.intermediate.manifest" /MANIFESTUAC:"level='asInvoker' uiAccess='false'" /DEBUG /PDB:"E:\Moje programy\C++\RPQ\Debug\RPQ.pdb" /SUBSYSTEM:CONSOLE /TLBID:1 /DYNAMICBASE /NXCOMPAT /IMPLIB:"E:\Moje programy\C++\RPQ\Debug\RPQ.lib" /MACHINE:X86 Debug\RPQ.exe.embed.manifest.res
         Debug\RPQ.obj
         Debug\stdafx.obj
       Manifest:
         C:\Program Files (x86)\Microsoft SDKs\Windows\v7.0A\bin\mt.exe /nologo /verbose /out:"Debug\RPQ.exe.embed.manifest" /manifest Debug\RPQ.exe.intermediate.manifest
         All outputs are up-to-date.
       LinkEmbedManifest:
         All outputs are up-to-date.
         RPQ.vcxproj -> E:\Moje programy\C++\RPQ\Debug\RPQ.exe
       FinalizeBuildStatus:
         Deleting file "Debug\RPQ.unsuccessfulbuild".
         Touching "Debug\RPQ.lastbuildstate".
     1>Done Building Project "E:\Moje programy\C++\RPQ\RPQ\RPQ.vcxproj" (build target(s)).

Build succeeded.

Time Elapsed 00:00:01.81
