Build started 2015-05-02 17:34:18.
     1>Project "D:\Dropbox\infa\Visual\SDiZO2\SDiZO2\SDiZO2.vcxproj" on node 2 (Build target(s)).
     1>ClCompile:
         C:\Program Files (x86)\Microsoft Visual Studio 12.0\VC\bin\CL.exe /c /ZI /nologo /W3 /WX- /Od /Oy- /D WIN32 /D _DEBUG /D _CONSOLE /D _LIB /D _UNICODE /D UNICODE /Gm /EHsc /RTC1 /MDd /GS /fp:precise /Zc:wchar_t /Zc:forScope /Yc"stdafx.h" /Fp"Debug\SDiZO2.pch" /Fo"Debug\\" /Fd"Debug\vc120.pdb" /Gd /TP /analyze- /errorReport:prompt stdafx.cpp
         stdafx.cpp
         C:\Program Files (x86)\Microsoft Visual Studio 12.0\VC\bin\CL.exe /c /ZI /nologo /W3 /WX- /Od /Oy- /D WIN32 /D _DEBUG /D _CONSOLE /D _LIB /D _UNICODE /D UNICODE /Gm /EHsc /RTC1 /MDd /GS /fp:precise /Zc:wchar_t /Zc:forScope /Yu"stdafx.h" /Fp"Debug\SDiZO2.pch" /Fo"Debug\\" /Fd"Debug\vc120.pdb" /Gd /TP /analyze- /errorReport:prompt MatGraph.cpp Node.cpp SDiZO2.cpp
         SDiZO2.cpp
     1>d:\dropbox\infa\visual\sdizo2\sdizo2\sdizo2.cpp(29): warning C4244: 'initializing' : conversion from 'LONGLONG' to 'long double', possible loss of data
     1>d:\dropbox\infa\visual\sdizo2\sdizo2\sdizo2.cpp(29): warning C4244: 'initializing' : conversion from '__int64' to 'long double', possible loss of data
     1>d:\dropbox\infa\visual\sdizo2\sdizo2\sdizo2.cpp(32): warning C4244: 'initializing' : conversion from 'long double' to 'int', possible loss of data
     1>d:\dropbox\infa\visual\sdizo2\sdizo2\sdizo2.cpp(52): warning C4244: 'argument' : conversion from 'time_t' to 'unsigned int', possible loss of data
         Node.cpp
         MatGraph.cpp
     1>d:\dropbox\infa\visual\sdizo2\sdizo2\matgraph.cpp(11): warning C4244: 'initializing' : conversion from 'double' to 'int', possible loss of data
     1>d:\dropbox\infa\visual\sdizo2\sdizo2\matgraph.cpp(8): warning C4101: 'waga' : unreferenced local variable
     1>d:\dropbox\infa\visual\sdizo2\sdizo2\matgraph.cpp(8): warning C4101: 'w1' : unreferenced local variable
     1>d:\dropbox\infa\visual\sdizo2\sdizo2\matgraph.cpp(8): warning C4101: 'w2' : unreferenced local variable
     1>d:\dropbox\infa\visual\sdizo2\sdizo2\matgraph.cpp(165): warning C4018: '<' : signed/unsigned mismatch
     1>d:\dropbox\infa\visual\sdizo2\sdizo2\matgraph.cpp(187): warning C4018: '<' : signed/unsigned mismatch
     1>d:\dropbox\infa\visual\sdizo2\sdizo2\matgraph.cpp(190): warning C4018: '<' : signed/unsigned mismatch
     1>d:\dropbox\infa\visual\sdizo2\sdizo2\matgraph.cpp(221): warning C4018: '<' : signed/unsigned mismatch
         Generating Code...
       Link:
         C:\Program Files (x86)\Microsoft Visual Studio 12.0\VC\bin\link.exe /ERRORREPORT:PROMPT /OUT:"D:\Dropbox\infa\Visual\SDiZO2\Debug\SDiZO2.exe" /INCREMENTAL /NOLOGO kernel32.lib user32.lib gdi32.lib winspool.lib comdlg32.lib advapi32.lib shell32.lib ole32.lib oleaut32.lib uuid.lib odbc32.lib odbccp32.lib /MANIFEST /MANIFESTUAC:"level='asInvoker' uiAccess='false'" /manifest:embed /DEBUG /PDB:"D:\Dropbox\infa\Visual\SDiZO2\Debug\SDiZO2.pdb" /SUBSYSTEM:CONSOLE /TLBID:1 /DYNAMICBASE /NXCOMPAT /IMPLIB:"D:\Dropbox\infa\Visual\SDiZO2\Debug\SDiZO2.lib" /MACHINE:X86 Debug\MatGraph.obj
         Debug\Node.obj
         Debug\SDiZO2.obj
         Debug\stdafx.obj
         Debug\Timer.obj
         SDiZO2.vcxproj -> D:\Dropbox\infa\Visual\SDiZO2\Debug\SDiZO2.exe
     1>Done Building Project "D:\Dropbox\infa\Visual\SDiZO2\SDiZO2\SDiZO2.vcxproj" (Build target(s)).

Build succeeded.

Time Elapsed 00:00:02.32
