Build started 2014-01-28 10:17:39.
     1>Project "E:\Moje programy\C++\PEA 3projekt\PEA 3projekt\PEA 3projekt.vcxproj" on node 2 (build target(s)).
     1>InitializeBuildStatus:
         Creating "Debug\PEA 3projekt.unsuccessfulbuild" because "AlwaysCreate" was specified.
       ClCompile:
         All outputs are up-to-date.
         E:\programy\Microsoft Visual Studio 10.0\VC\bin\CL.exe /c /ZI /nologo /W3 /WX- /Od /Oy- /D WIN32 /D _DEBUG /D _CONSOLE /D _UNICODE /D UNICODE /Gm /EHsc /RTC1 /MDd /GS /fp:precise /Zc:wchar_t /Zc:forScope /Yu"StdAfx.h" /Fp"Debug\PEA 3projekt.pch" /Fo"Debug\\" /Fd"Debug\vc100.pdb" /Gd /TP /analyze- /errorReport:prompt "PEA 3projekt.cpp"
         PEA 3projekt.cpp
     1>e:\moje programy\c++\pea 3projekt\pea 3projekt\pea 3projekt.cpp(196): warning C4244: '=' : conversion from 'double' to 'unsigned __int64', possible loss of data
     1>e:\moje programy\c++\pea 3projekt\pea 3projekt\pea 3projekt.cpp(430): warning C4244: 'argument' : conversion from 'time_t' to 'unsigned int', possible loss of data
     1>e:\moje programy\c++\pea 3projekt\pea 3projekt\pea 3projekt.cpp(486): warning C4996: 'getch': The POSIX name for this item is deprecated. Instead, use the ISO C++ conformant name: _getch. See online help for details.
                 e:\programy\microsoft visual studio 10.0\vc\include\conio.h(128) : see declaration of 'getch'
       ManifestResourceCompile:
         All outputs are up-to-date.
       Link:
         E:\programy\Microsoft Visual Studio 10.0\VC\bin\link.exe /ERRORREPORT:PROMPT /OUT:"E:\Moje programy\C++\PEA 3projekt\Debug\PEA 3projekt.exe" /INCREMENTAL /NOLOGO kernel32.lib user32.lib gdi32.lib winspool.lib comdlg32.lib advapi32.lib shell32.lib ole32.lib oleaut32.lib uuid.lib odbc32.lib odbccp32.lib /MANIFEST /ManifestFile:"Debug\PEA 3projekt.exe.intermediate.manifest" /MANIFESTUAC:"level='asInvoker' uiAccess='false'" /DEBUG /PDB:"E:\Moje programy\C++\PEA 3projekt\Debug\PEA 3projekt.pdb" /SUBSYSTEM:CONSOLE /TLBID:1 /DYNAMICBASE /NXCOMPAT /IMPLIB:"E:\Moje programy\C++\PEA 3projekt\Debug\PEA 3projekt.lib" /MACHINE:X86 "Debug\PEA 3projekt.exe.embed.manifest.res"
         "Debug\PEA 3projekt.obj"
         Debug\stdafx.obj
       Manifest:
         C:\Program Files (x86)\Microsoft SDKs\Windows\v7.0A\bin\mt.exe /nologo /verbose /out:"Debug\PEA 3projekt.exe.embed.manifest" /manifest "Debug\PEA 3projekt.exe.intermediate.manifest"
         All outputs are up-to-date.
       LinkEmbedManifest:
         All outputs are up-to-date.
         PEA 3projekt.vcxproj -> E:\Moje programy\C++\PEA 3projekt\Debug\PEA 3projekt.exe
       FinalizeBuildStatus:
         Deleting file "Debug\PEA 3projekt.unsuccessfulbuild".
         Touching "Debug\PEA 3projekt.lastbuildstate".
     1>Done Building Project "E:\Moje programy\C++\PEA 3projekt\PEA 3projekt\PEA 3projekt.vcxproj" (build target(s)).

Build succeeded.

Time Elapsed 00:00:01.54
