Build started 2013-04-18 13:15:34.
     1>Project "E:\Moje programy\C++\Programowanie Obiektowe\dupa2\dupa2\dupa2.vcxproj" on node 2 (build target(s)).
     1>InitializeBuildStatus:
         Creating "Debug\dupa2.unsuccessfulbuild" because "AlwaysCreate" was specified.
       ClCompile:
         All outputs are up-to-date.
         E:\programy\Microsoft Visual Studio 10.0\VC\bin\CL.exe /c /ZI /nologo /W3 /WX- /Od /Oy- /D WIN32 /D _DEBUG /D _CONSOLE /D _UNICODE /D UNICODE /Gm /EHsc /RTC1 /MDd /GS /fp:precise /Zc:wchar_t /Zc:forScope /Yu"StdAfx.h" /Fp"Debug\dupa2.pch" /Fo"Debug\\" /Fd"Debug\vc100.pdb" /Gd /TP /analyze- /errorReport:prompt dupa2.cpp
         dupa2.cpp
       ManifestResourceCompile:
         All outputs are up-to-date.
       Link:
         E:\programy\Microsoft Visual Studio 10.0\VC\bin\link.exe /ERRORREPORT:PROMPT /OUT:"E:\Moje programy\C++\Programowanie Obiektowe\dupa2\Debug\dupa2.exe" /INCREMENTAL /NOLOGO kernel32.lib user32.lib gdi32.lib winspool.lib comdlg32.lib advapi32.lib shell32.lib ole32.lib oleaut32.lib uuid.lib odbc32.lib odbccp32.lib /MANIFEST /ManifestFile:"Debug\dupa2.exe.intermediate.manifest" /MANIFESTUAC:"level='asInvoker' uiAccess='false'" /DEBUG /PDB:"E:\Moje programy\C++\Programowanie Obiektowe\dupa2\Debug\dupa2.pdb" /SUBSYSTEM:CONSOLE /TLBID:1 /DYNAMICBASE /NXCOMPAT /IMPLIB:"E:\Moje programy\C++\Programowanie Obiektowe\dupa2\Debug\dupa2.lib" /MACHINE:X86 Debug\dupa2.exe.embed.manifest.res
         Debug\dupa2.obj
         Debug\stdafx.obj
       Manifest:
         C:\Program Files (x86)\Microsoft SDKs\Windows\v7.0A\bin\mt.exe /nologo /verbose /out:"Debug\dupa2.exe.embed.manifest" /manifest Debug\dupa2.exe.intermediate.manifest
         All outputs are up-to-date.
       LinkEmbedManifest:
         All outputs are up-to-date.
         dupa2.vcxproj -> E:\Moje programy\C++\Programowanie Obiektowe\dupa2\Debug\dupa2.exe
       FinalizeBuildStatus:
         Deleting file "Debug\dupa2.unsuccessfulbuild".
         Touching "Debug\dupa2.lastbuildstate".
     1>Done Building Project "E:\Moje programy\C++\Programowanie Obiektowe\dupa2\dupa2\dupa2.vcxproj" (build target(s)).

Build succeeded.

Time Elapsed 00:00:00.65
