c:\users\robert\desktop\peaprojwyrzazanie\peaprojwyrzazanie\release\zadanie.obj
c:\users\robert\desktop\peaprojwyrzazanie\peaprojwyrzazanie\release\wyzarzanie.obj
c:\users\robert\desktop\peaprojwyrzazanie\peaprojwyrzazanie\release\sasiad.obj
c:\users\robert\desktop\peaprojwyrzazanie\peaprojwyrzazanie\release\main.obj
c:\users\robert\desktop\peaprojwyrzazanie\peaprojwyrzazanie\release\vc100.pdb
d:\studia\projektowanie efektywnych algorytmów\projekt\peaprojwyrzazanie\peaprojwyrzazanie\release\zadanie.obj
d:\studia\projektowanie efektywnych algorytmów\projekt\peaprojwyrzazanie\peaprojwyrzazanie\release\wyzarzanie.obj
d:\studia\projektowanie efektywnych algorytmów\projekt\peaprojwyrzazanie\peaprojwyrzazanie\release\sasiad.obj
d:\studia\projektowanie efektywnych algorytmów\projekt\peaprojwyrzazanie\peaprojwyrzazanie\release\main.obj
d:\studia\projektowanie efektywnych algorytmów\projekt\peaprojwyrzazanie\peaprojwyrzazanie\release\vc100.pdb
d:\studia\projektowanie efektywnych algorytmów\projekt\peaprojwyrzazanie — kopia\peaprojwyrzazanie\release\zadanie.obj
d:\studia\projektowanie efektywnych algorytmów\projekt\peaprojwyrzazanie — kopia\peaprojwyrzazanie\release\main.obj
d:\studia\projektowanie efektywnych algorytmów\projekt\peaprojwyrzazanie — kopia\peaprojwyrzazanie\release\sasiad.obj
d:\studia\projektowanie efektywnych algorytmów\projekt\peaprojwyrzazanie — kopia\peaprojwyrzazanie\release\wyzarzanie.obj
d:\studia\projektowanie efektywnych algorytmów\projekt\peaprojwyrzazanie — kopia\peaprojwyrzazanie\release\vc100.pdb
e:\moje programy\c++\sdizo i pea\peaprojwyrzazanie — kopia\peaprojwyrzazanie\release\zadanie.obj
e:\moje programy\c++\sdizo i pea\peaprojwyrzazanie — kopia\peaprojwyrzazanie\release\wyzarzanie.obj
e:\moje programy\c++\sdizo i pea\peaprojwyrzazanie — kopia\peaprojwyrzazanie\release\sasiad.obj
e:\moje programy\c++\sdizo i pea\peaprojwyrzazanie — kopia\peaprojwyrzazanie\release\main.obj
e:\moje programy\c++\sdizo i pea\peaprojwyrzazanie — kopia\peaprojwyrzazanie\release\vc100.pdb
c:\users\robert\desktop\peaprojwyrzazanie\release\peaprojwyrzazanie.exe
c:\users\robert\desktop\peaprojwyrzazanie\peaprojwyrzazanie\release\peaprojwyrzazanie.exe.intermediate.manifest
c:\users\robert\desktop\peaprojwyrzazanie\release\peaprojwyrzazanie.pdb
d:\studia\projektowanie efektywnych algorytmów\projekt\peaprojwyrzazanie\release\peaprojwyrzazanie.exe
d:\studia\projektowanie efektywnych algorytmów\projekt\peaprojwyrzazanie\peaprojwyrzazanie\release\peaprojwyrzazanie.exe.intermediate.manifest
d:\studia\projektowanie efektywnych algorytmów\projekt\peaprojwyrzazanie\release\peaprojwyrzazanie.pdb
d:\studia\projektowanie efektywnych algorytmów\projekt\peaprojwyrzazanie — kopia\release\peaprojwyrzazanie.exe
d:\studia\projektowanie efektywnych algorytmów\projekt\peaprojwyrzazanie — kopia\peaprojwyrzazanie\release\peaprojwyrzazanie.exe.intermediate.manifest
d:\studia\projektowanie efektywnych algorytmów\projekt\peaprojwyrzazanie — kopia\release\peaprojwyrzazanie.pdb
e:\moje programy\c++\sdizo i pea\peaprojwyrzazanie — kopia\release\peaprojwyrzazanie.exe
e:\moje programy\c++\sdizo i pea\peaprojwyrzazanie — kopia\peaprojwyrzazanie\release\peaprojwyrzazanie.exe.intermediate.manifest
e:\moje programy\c++\sdizo i pea\peaprojwyrzazanie — kopia\release\peaprojwyrzazanie.pdb
d:\dropbox\infa\visual\sdizomaterialy\sdizo i pea\peaprojwyrzazanie — kopia\peaprojwyrzazanie\release\vc140.pdb
d:\dropbox\infa\visual\sdizomaterialy\sdizo i pea\peaprojwyrzazanie — kopia\peaprojwyrzazanie\release\zadanie.obj
d:\dropbox\infa\visual\sdizomaterialy\sdizo i pea\peaprojwyrzazanie — kopia\peaprojwyrzazanie\release\wyzarzanie.obj
d:\dropbox\infa\visual\sdizomaterialy\sdizo i pea\peaprojwyrzazanie — kopia\peaprojwyrzazanie\release\sasiad.obj
d:\dropbox\infa\visual\sdizomaterialy\sdizo i pea\peaprojwyrzazanie — kopia\peaprojwyrzazanie\release\main.obj
d:\dropbox\infa\visual\sdizomaterialy\sdizo i pea\peaprojwyrzazanie — kopia\peaprojwyrzazanie\release\peaprojwyrzazanie.vcxprojresolveassemblyreference.cache
d:\dropbox\infa\visual\sdizomaterialy\sdizo i pea\peaprojwyrzazanie — kopia\peaprojwyrzazanie\release\cl.command.1.tlog
d:\dropbox\infa\visual\sdizomaterialy\sdizo i pea\peaprojwyrzazanie — kopia\peaprojwyrzazanie\release\cl.read.1.tlog
d:\dropbox\infa\visual\sdizomaterialy\sdizo i pea\peaprojwyrzazanie — kopia\peaprojwyrzazanie\release\cl.write.1.tlog
d:\dropbox\infa\visual\sdizomaterialy\sdizo i pea\peaprojwyrzazanie — kopia\peaprojwyrzazanie\release\link.command.1.tlog
d:\dropbox\infa\visual\sdizomaterialy\sdizo i pea\peaprojwyrzazanie — kopia\peaprojwyrzazanie\release\link.read.1.tlog
d:\dropbox\infa\visual\sdizomaterialy\sdizo i pea\peaprojwyrzazanie — kopia\peaprojwyrzazanie\release\link.write.1.tlog
d:\dropbox\infa\visual\sdizomaterialy\sdizo i pea\peaprojwyrzazanie — kopia\peaprojwyrzazanie\release\mt.command.1.tlog
d:\dropbox\infa\visual\sdizomaterialy\sdizo i pea\peaprojwyrzazanie — kopia\peaprojwyrzazanie\release\mt.read.1.tlog
d:\dropbox\infa\visual\sdizomaterialy\sdizo i pea\peaprojwyrzazanie — kopia\peaprojwyrzazanie\release\mt.write.1.tlog
d:\dropbox\infa\visual\sdizomaterialy\sdizo i pea\peaprojwyrzazanie — kopia\peaprojwyrzazanie\release\peaprojwyrzazanie.write.1.tlog
d:\dropbox\infa\visual\sdizomaterialy\sdizo i pea\peaprojwyrzazanie — kopia\peaprojwyrzazanie\release\peaprojwyrzazanie.exe.intermediate.manifest
d:\dropbox\infa\visual\sdizomaterialy\sdizo i pea\peaprojwyrzazanie — kopia\peaprojwyrzazanie\release\vc90.idb
d:\dropbox\infa\visual\sdizomaterialy\sdizo i pea\peaprojwyrzazanie — kopia\peaprojwyrzazanie\release\vc100.pdb
d:\dropbox\infa\visual\sdizomaterialy\sdizo i pea\peaprojwyrzazanie — kopia\peaprojwyrzazanie\release\vc90.pdb
d:\dropbox\infa\visual\sdizomaterialy\sdizo i pea\peaprojwyrzazanie — kopia\release\peaprojwyrzazanie.pdb
d:\dropbox\infa\visual\sdizomaterialy\sdizo i pea\peaprojwyrzazanie — kopia\peaprojwyrzazanie\release\peaprojw.8b3d6da1.tlog\cl.command.1.tlog
d:\dropbox\infa\visual\sdizomaterialy\sdizo i pea\peaprojwyrzazanie — kopia\peaprojwyrzazanie\release\peaprojw.8b3d6da1.tlog\cl.read.1.tlog
d:\dropbox\infa\visual\sdizomaterialy\sdizo i pea\peaprojwyrzazanie — kopia\peaprojwyrzazanie\release\peaprojw.8b3d6da1.tlog\cl.write.1.tlog
d:\dropbox\infa\visual\sdizomaterialy\sdizo i pea\peaprojwyrzazanie — kopia\peaprojwyrzazanie\release\peaprojw.8b3d6da1.tlog\link-cvtres.read.1.tlog
d:\dropbox\infa\visual\sdizomaterialy\sdizo i pea\peaprojwyrzazanie — kopia\peaprojwyrzazanie\release\peaprojw.8b3d6da1.tlog\link-cvtres.write.1.tlog
d:\dropbox\infa\visual\sdizomaterialy\sdizo i pea\peaprojwyrzazanie — kopia\peaprojwyrzazanie\release\peaprojw.8b3d6da1.tlog\link-rc.read.1.tlog
d:\dropbox\infa\visual\sdizomaterialy\sdizo i pea\peaprojwyrzazanie — kopia\peaprojwyrzazanie\release\peaprojw.8b3d6da1.tlog\link-rc.write.1.tlog
d:\dropbox\infa\visual\sdizomaterialy\sdizo i pea\peaprojwyrzazanie — kopia\peaprojwyrzazanie\release\peaprojw.8b3d6da1.tlog\link.command.1.tlog
d:\dropbox\infa\visual\sdizomaterialy\sdizo i pea\peaprojwyrzazanie — kopia\peaprojwyrzazanie\release\peaprojw.8b3d6da1.tlog\link.read.1.tlog
d:\dropbox\infa\visual\sdizomaterialy\sdizo i pea\peaprojwyrzazanie — kopia\peaprojwyrzazanie\release\peaprojw.8b3d6da1.tlog\link.write.1.tlog
