Build started 24.11.2015 01:20:22.
     1>Project "D:\Dropbox\infa\Visual\SDIZOmaterialy\SDIZO i PEA\PEAprojWyrzazanie — kopia\PEAprojWyrzazanie\PEAprojWyrzazanie.vcxproj" on node 2 (Rebuild target(s)).
     1>ClCompile:
         C:\Program Files (x86)\Microsoft Visual Studio 14.0\VC\bin\CL.exe /c /Zi /nologo /W3 /WX- /O2 /Oi /Oy- /GL /D WIN32 /D NDEBUG /D _CONSOLE /D _UNICODE /D UNICODE /Gm- /EHsc /MD /GS /Gy /fp:precise /Zc:wchar_t /Zc:forScope /Zc:inline /Fo"Release\\" /Fd"Release\vc140.pdb" /Gd /TP /analyze- /errorReport:prompt main.cpp sasiad.cpp wyzarzanie.cpp zadanie.cpp
         main.cpp
         sasiad.cpp
         wyzarzanie.cpp
     1>wyzarzanie.cpp(9): warning C4244: '=': conversion from 'double' to 'float', possible loss of data
     1>wyzarzanie.cpp(15): warning C4244: 'return': conversion from 'double' to 'float', possible loss of data
         zadanie.cpp
       Link:
         C:\Program Files (x86)\Microsoft Visual Studio 14.0\VC\bin\link.exe /ERRORREPORT:PROMPT /OUT:"D:\Dropbox\infa\Visual\SDIZOmaterialy\SDIZO i PEA\PEAprojWyrzazanie — kopia\Release\PEAprojWyrzazanie.exe" /INCREMENTAL:NO /NOLOGO kernel32.lib user32.lib gdi32.lib winspool.lib comdlg32.lib advapi32.lib shell32.lib ole32.lib oleaut32.lib uuid.lib odbc32.lib odbccp32.lib /MANIFEST /MANIFESTUAC:"level='asInvoker' uiAccess='false'" /manifest:embed /Debug /PDB:"D:\Dropbox\infa\Visual\SDIZOmaterialy\SDIZO i PEA\PEAprojWyrzazanie — kopia\Release\PEAprojWyrzazanie.pdb" /SUBSYSTEM:CONSOLE /OPT:REF /OPT:ICF /LTCG:incremental /TLBID:1 /DYNAMICBASE /NXCOMPAT /IMPLIB:"D:\Dropbox\infa\Visual\SDIZOmaterialy\SDIZO i PEA\PEAprojWyrzazanie — kopia\Release\PEAprojWyrzazanie.lib" /MACHINE:X86 /SAFESEH Release\main.obj
         Release\sasiad.obj
         Release\wyzarzanie.obj
         Release\zadanie.obj
         Generating code
         0 of 153 functions ( 0.0%) were compiled, the rest were copied from previous compilation.
           0 functions were new in current compilation
           0 functions had inline decision re-evaluated but remain unchanged
         Finished generating code
         PEAprojWyrzazanie.vcxproj -> D:\Dropbox\infa\Visual\SDIZOmaterialy\SDIZO i PEA\PEAprojWyrzazanie — kopia\Release\PEAprojWyrzazanie.exe
     1>Done Building Project "D:\Dropbox\infa\Visual\SDIZOmaterialy\SDIZO i PEA\PEAprojWyrzazanie — kopia\PEAprojWyrzazanie\PEAprojWyrzazanie.vcxproj" (Rebuild target(s)).

Build succeeded.

Time Elapsed 00:00:03.61
