Build started 2015-06-07 17:42:31.
     1>Project "D:\Dropbox\infa\Visual\SDiZO3\SDiZO3\SDiZO3.vcxproj" on node 2 (Build target(s)).
     1>ClCompile:
         C:\Program Files (x86)\Microsoft Visual Studio 12.0\VC\bin\CL.exe /c /Zi /nologo /W3 /WX- /O2 /Oi /Oy- /GL /D WIN32 /D NDEBUG /D _CONSOLE /D _LIB /D _UNICODE /D UNICODE /Gm- /EHsc /MD /GS /Gy /fp:precise /Zc:wchar_t /Zc:forScope /Yu"stdafx.h" /Fp"Release\SDiZO3.pch" /Fo"Release\\" /Fd"Release\vc120.pdb" /Gd /TP /analyze- /errorReport:prompt Handle.cpp Proj3.cpp SDiZO3.cpp
         Handle.cpp
     1>Handle.cpp(492): warning C4244: 'initializing' : conversion from 'unsigned __int64' to 'unsigned int', possible loss of data
         Proj3.cpp
         SDiZO3.cpp
     1>SDiZO3.cpp(8): warning C4244: 'argument' : conversion from 'time_t' to 'unsigned int', possible loss of data
       Link:
         C:\Program Files (x86)\Microsoft Visual Studio 12.0\VC\bin\link.exe /ERRORREPORT:PROMPT /OUT:"D:\Dropbox\infa\Visual\SDiZO3\Release\SDiZO3.exe" /INCREMENTAL:NO /NOLOGO kernel32.lib user32.lib gdi32.lib winspool.lib comdlg32.lib advapi32.lib shell32.lib ole32.lib oleaut32.lib uuid.lib odbc32.lib odbccp32.lib /MANIFEST /MANIFESTUAC:"level='asInvoker' uiAccess='false'" /manifest:embed /DEBUG /PDB:"D:\Dropbox\infa\Visual\SDiZO3\Release\SDiZO3.pdb" /SUBSYSTEM:CONSOLE /OPT:REF /OPT:ICF /LTCG /TLBID:1 /DYNAMICBASE /NXCOMPAT /IMPLIB:"D:\Dropbox\infa\Visual\SDiZO3\Release\SDiZO3.lib" /MACHINE:X86 /SAFESEH Release\Handle.obj
         Release\Knapsack.obj
         Release\MatGraph.obj
         Release\Proj3.obj
         Release\SDiZO3.obj
         Release\stdafx.obj
         Generating code
         Finished generating code
         SDiZO3.vcxproj -> D:\Dropbox\infa\Visual\SDiZO3\Release\SDiZO3.exe
     1>Done Building Project "D:\Dropbox\infa\Visual\SDiZO3\SDiZO3\SDiZO3.vcxproj" (Build target(s)).

Build succeeded.

Time Elapsed 00:00:01.45
