Build started 31/05/2015 12:45:35.
     1>Project "C:\Users\Peter Black\Documents\Visual Studio 2013\Projects\Project SDiZO3\Project SDiZO3\Project SDiZO3.vcxproj" on node 2 (Build target(s)).
     1>ClCompile:
         C:\Program Files (x86)\Microsoft Visual Studio 12.0\VC\bin\CL.exe /c /ZI /nologo /W3 /WX- /sdl /Od /Oy- /D WIN32 /D _DEBUG /D _CONSOLE /D _LIB /D _UNICODE /D UNICODE /Gm /EHsc /RTC1 /MDd /GS /fp:precise /Zc:wchar_t /Zc:forScope /Yu"stdafx.h" /Fp"Debug\Project SDiZO3.pch" /Fo"Debug\\" /Fd"Debug\vc120.pdb" /Gd /TP /analyze- /errorReport:prompt Knapsack.cpp MatrixGraph.cpp MyHandle.cpp Project.cpp
         Project.cpp
         MyHandle.cpp
     1>c:\users\peter black\documents\visual studio 2013\projects\project sdizo3\project sdizo3\myhandle.cpp(485): warning C4244: 'initializing' : conversion from 'unsigned __int64' to 'unsigned int', possible loss of data
         MatrixGraph.cpp
         Knapsack.cpp
         Generating Code...
       Link:
         C:\Program Files (x86)\Microsoft Visual Studio 12.0\VC\bin\link.exe /ERRORREPORT:PROMPT /OUT:"C:\Users\Peter Black\Documents\Visual Studio 2013\Projects\Project SDiZO3\Debug\Project SDiZO3.exe" /INCREMENTAL /NOLOGO kernel32.lib user32.lib gdi32.lib winspool.lib comdlg32.lib advapi32.lib shell32.lib ole32.lib oleaut32.lib uuid.lib odbc32.lib odbccp32.lib /MANIFEST /MANIFESTUAC:"level='asInvoker' uiAccess='false'" /manifest:embed /DEBUG /PDB:"C:\Users\Peter Black\Documents\Visual Studio 2013\Projects\Project SDiZO3\Debug\Project SDiZO3.pdb" /SUBSYSTEM:CONSOLE /TLBID:1 /DYNAMICBASE /NXCOMPAT /IMPLIB:"C:\Users\Peter Black\Documents\Visual Studio 2013\Projects\Project SDiZO3\Debug\Project SDiZO3.lib" /MACHINE:X86 Debug\Knapsack.obj
         Debug\MatrixGraph.obj
         Debug\MyHandle.obj
         "Debug\Project SDiZO3.obj"
         Debug\Project.obj
         Debug\stdafx.obj
         Project SDiZO3.vcxproj -> C:\Users\Peter Black\Documents\Visual Studio 2013\Projects\Project SDiZO3\Debug\Project SDiZO3.exe
     1>Done Building Project "C:\Users\Peter Black\Documents\Visual Studio 2013\Projects\Project SDiZO3\Project SDiZO3\Project SDiZO3.vcxproj" (Build target(s)).

Build succeeded.

Time Elapsed 00:00:03.03
