Build started 2014-01-26 15:17:09.
     1>Project "E:\Moje programy\C++\SDIZO i PEA\rpq-vector\rpq-vector\rpq-vector.vcxproj" on node 2 (build target(s)).
     1>InitializeBuildStatus:
         Creating "Debug\rpq-vector.unsuccessfulbuild" because "AlwaysCreate" was specified.
       ClCompile:
         All outputs are up-to-date.
         E:\programy\Microsoft Visual Studio 10.0\VC\bin\CL.exe /c /ZI /nologo /W3 /WX- /Od /Oy- /D WIN32 /D _DEBUG /D _CONSOLE /D _UNICODE /D UNICODE /Gm /EHsc /RTC1 /MDd /GS /fp:precise /Zc:wchar_t /Zc:forScope /Yu"StdAfx.h" /Fp"Debug\rpq-vector.pch" /Fo"Debug\\" /Fd"Debug\vc100.pdb" /Gd /TP /analyze- /errorReport:prompt "rpq-vector.cpp"
         rpq-vector.cpp
     1>e:\moje programy\c++\sdizo i pea\rpq-vector\rpq-vector\rpq-vector.cpp(46): warning C4018: '<' : signed/unsigned mismatch
     1>e:\moje programy\c++\sdizo i pea\rpq-vector\rpq-vector\rpq-vector.cpp(56): warning C4018: '<' : signed/unsigned mismatch
     1>e:\moje programy\c++\sdizo i pea\rpq-vector\rpq-vector\rpq-vector.cpp(92): warning C4244: 'argument' : conversion from 'time_t' to 'unsigned int', possible loss of data
     1>e:\moje programy\c++\sdizo i pea\rpq-vector\rpq-vector\rpq-vector.cpp(108): warning C4018: '<' : signed/unsigned mismatch
       ManifestResourceCompile:
         All outputs are up-to-date.
       Link:
         E:\programy\Microsoft Visual Studio 10.0\VC\bin\link.exe /ERRORREPORT:PROMPT /OUT:"E:\Moje programy\C++\SDIZO i PEA\rpq-vector\Debug\rpq-vector.exe" /INCREMENTAL /NOLOGO kernel32.lib user32.lib gdi32.lib winspool.lib comdlg32.lib advapi32.lib shell32.lib ole32.lib oleaut32.lib uuid.lib odbc32.lib odbccp32.lib /MANIFEST /ManifestFile:"Debug\rpq-vector.exe.intermediate.manifest" /MANIFESTUAC:"level='asInvoker' uiAccess='false'" /DEBUG /PDB:"E:\Moje programy\C++\SDIZO i PEA\rpq-vector\Debug\rpq-vector.pdb" /SUBSYSTEM:CONSOLE /TLBID:1 /DYNAMICBASE /NXCOMPAT /IMPLIB:"E:\Moje programy\C++\SDIZO i PEA\rpq-vector\Debug\rpq-vector.lib" /MACHINE:X86 "Debug\rpq-vector.exe.embed.manifest.res"
         "Debug\rpq-vector.obj"
         Debug\stdafx.obj
       Manifest:
         C:\Program Files (x86)\Microsoft SDKs\Windows\v7.0A\bin\mt.exe /nologo /verbose /out:"Debug\rpq-vector.exe.embed.manifest" /manifest "Debug\rpq-vector.exe.intermediate.manifest"
         All outputs are up-to-date.
       LinkEmbedManifest:
         All outputs are up-to-date.
         rpq-vector.vcxproj -> E:\Moje programy\C++\SDIZO i PEA\rpq-vector\Debug\rpq-vector.exe
       FinalizeBuildStatus:
         Deleting file "Debug\rpq-vector.unsuccessfulbuild".
         Touching "Debug\rpq-vector.lastbuildstate".
     1>Done Building Project "E:\Moje programy\C++\SDIZO i PEA\rpq-vector\rpq-vector\rpq-vector.vcxproj" (build target(s)).

Build succeeded.

Time Elapsed 00:00:00.81
