e:\dropbox\tsp\tsp\x64\release\vc140.pdb
e:\dropbox\tsp\tsp\x64\release\source.nativecodeanalysis.xml
e:\dropbox\tsp\tsp\x64\release\mytimer.nativecodeanalysis.xml
e:\dropbox\tsp\tsp\x64\release\matrixgraph.nativecodeanalysis.xml
e:\dropbox\tsp\tsp\x64\release\komiwojazer.nativecodeanalysis.xml
e:\dropbox\tsp\tsp\x64\release\item.nativecodeanalysis.xml
e:\dropbox\tsp\tsp\x64\release\gldisplay.nativecodeanalysis.xml
e:\dropbox\tsp\tsp\x64\release\bnbmatrix.nativecodeanalysis.xml
e:\dropbox\tsp\tsp\x64\release\bnbmatrix.obj
e:\dropbox\tsp\tsp\x64\release\gldisplay.obj
e:\dropbox\tsp\tsp\x64\release\item.obj
e:\dropbox\tsp\tsp\x64\release\komiwojazer.obj
e:\dropbox\tsp\tsp\x64\release\matrixgraph.obj
e:\dropbox\tsp\tsp\x64\release\mytimer.obj
e:\dropbox\tsp\tsp\x64\release\source.obj
e:\dropbox\tsp\x64\release\tsp.exe
e:\dropbox\tsp\x64\release\tsp.ipdb
e:\dropbox\tsp\x64\release\tsp.iobj
e:\dropbox\tsp\x64\release\tsp.pdb
e:\dropbox\tsp\tsp\x64\release\nativecodeanalysis.read.1.tlog
e:\dropbox\tsp\tsp\x64\release\vc.nativecodeanalysis.all.xml
e:\dropbox\tsp\x64\release\tsp.exe.lastcodeanalysissucceeded
e:\dropbox\tsp\tsp\x64\release\tsp.tlog\cl.command.1.tlog
e:\dropbox\tsp\tsp\x64\release\tsp.tlog\cl.read.1.tlog
e:\dropbox\tsp\tsp\x64\release\tsp.tlog\cl.write.1.tlog
e:\dropbox\tsp\tsp\x64\release\tsp.tlog\link.command.1.tlog
e:\dropbox\tsp\tsp\x64\release\tsp.tlog\link.read.1.tlog
e:\dropbox\tsp\tsp\x64\release\tsp.tlog\link.write.1.tlog
