Build started 2013-05-23 14:56:15.
     1>Project "E:\Moje programy\C++\SdizoProjekt\Algorytmy\Algorytmy\Algorytmy.vcxproj" on node 2 (build target(s)).
     1>PrepareForBuild:
         Creating directory "E:\Moje programy\C++\SdizoProjekt\Algorytmy\Debug\".
       InitializeBuildStatus:
         Creating "Debug\Algorytmy.unsuccessfulbuild" because "AlwaysCreate" was specified.
       ClCompile:
         E:\programy\Microsoft Visual Studio 10.0\VC\bin\CL.exe /c /ZI /nologo /W3 /WX- /Od /Oy- /D WIN32 /D _DEBUG /D _CONSOLE /D _UNICODE /D UNICODE /Gm /EHsc /RTC1 /MDd /GS /fp:precise /Zc:wchar_t /Zc:forScope /Yc"StdAfx.h" /Fp"Debug\Algorytmy.pch" /Fo"Debug\\" /Fd"Debug\vc100.pdb" /Gd /TP /analyze- /errorReport:prompt stdafx.cpp
         stdafx.cpp
         E:\programy\Microsoft Visual Studio 10.0\VC\bin\CL.exe /c /ZI /nologo /W3 /WX- /Od /Oy- /D WIN32 /D _DEBUG /D _CONSOLE /D _UNICODE /D UNICODE /Gm /EHsc /RTC1 /MDd /GS /fp:precise /Zc:wchar_t /Zc:forScope /Yu"StdAfx.h" /Fp"Debug\Algorytmy.pch" /Fo"Debug\\" /Fd"Debug\vc100.pdb" /Gd /TP /analyze- /errorReport:prompt Algorytmy.cpp
         Algorytmy.cpp
       ManifestResourceCompile:
         C:\Program Files (x86)\Microsoft SDKs\Windows\v7.0A\bin\rc.exe /nologo /fo"Debug\Algorytmy.exe.embed.manifest.res" Debug\Algorytmy_manifest.rc 
       Link:
         E:\programy\Microsoft Visual Studio 10.0\VC\bin\link.exe /ERRORREPORT:PROMPT /OUT:"E:\Moje programy\C++\SdizoProjekt\Algorytmy\Debug\Algorytmy.exe" /INCREMENTAL /NOLOGO kernel32.lib user32.lib gdi32.lib winspool.lib comdlg32.lib advapi32.lib shell32.lib ole32.lib oleaut32.lib uuid.lib odbc32.lib odbccp32.lib /MANIFEST /ManifestFile:"Debug\Algorytmy.exe.intermediate.manifest" /MANIFESTUAC:"level='asInvoker' uiAccess='false'" /DEBUG /PDB:"E:\Moje programy\C++\SdizoProjekt\Algorytmy\Debug\Algorytmy.pdb" /SUBSYSTEM:CONSOLE /TLBID:1 /DYNAMICBASE /NXCOMPAT /IMPLIB:"E:\Moje programy\C++\SdizoProjekt\Algorytmy\Debug\Algorytmy.lib" /MACHINE:X86 Debug\Algorytmy.exe.embed.manifest.res
         Debug\Algorytmy.obj
         Debug\stdafx.obj
       Manifest:
         C:\Program Files (x86)\Microsoft SDKs\Windows\v7.0A\bin\mt.exe /nologo /verbose /out:"Debug\Algorytmy.exe.embed.manifest" /manifest Debug\Algorytmy.exe.intermediate.manifest
         C:\Program Files (x86)\Microsoft SDKs\Windows\v7.0A\bin\rc.exe /nologo /fo"Debug\Algorytmy.exe.embed.manifest.res" Debug\Algorytmy_manifest.rc 
       LinkEmbedManifest:
         E:\programy\Microsoft Visual Studio 10.0\VC\bin\link.exe /ERRORREPORT:PROMPT /OUT:"E:\Moje programy\C++\SdizoProjekt\Algorytmy\Debug\Algorytmy.exe" /INCREMENTAL /NOLOGO kernel32.lib user32.lib gdi32.lib winspool.lib comdlg32.lib advapi32.lib shell32.lib ole32.lib oleaut32.lib uuid.lib odbc32.lib odbccp32.lib /MANIFEST /ManifestFile:"Debug\Algorytmy.exe.intermediate.manifest" /MANIFESTUAC:"level='asInvoker' uiAccess='false'" /DEBUG /PDB:"E:\Moje programy\C++\SdizoProjekt\Algorytmy\Debug\Algorytmy.pdb" /SUBSYSTEM:CONSOLE /TLBID:1 /DYNAMICBASE /NXCOMPAT /IMPLIB:"E:\Moje programy\C++\SdizoProjekt\Algorytmy\Debug\Algorytmy.lib" /MACHINE:X86 Debug\Algorytmy.exe.embed.manifest.res
         Debug\Algorytmy.obj
         Debug\stdafx.obj
         Algorytmy.vcxproj -> E:\Moje programy\C++\SdizoProjekt\Algorytmy\Debug\Algorytmy.exe
       FinalizeBuildStatus:
         Deleting file "Debug\Algorytmy.unsuccessfulbuild".
         Touching "Debug\Algorytmy.lastbuildstate".
     1>Done Building Project "E:\Moje programy\C++\SdizoProjekt\Algorytmy\Algorytmy\Algorytmy.vcxproj" (build target(s)).

Build succeeded.

Time Elapsed 00:00:01.52
