Build started 02.11.2015 22:03:02.
     1>Project "D:\Dropbox\infa\Visual\SDiZO3\SDiZO3\SDiZO3.vcxproj" on node 2 (Build target(s)).
     1>ClCompile:
         C:\Program Files (x86)\Microsoft Visual Studio 14.0\VC\bin\CL.exe /c /ZI /nologo /W3 /WX- /Od /Oy- /D WIN32 /D _DEBUG /D _CONSOLE /D _LIB /D _UNICODE /D UNICODE /Gm /EHsc /RTC1 /MDd /GS /fp:precise /Zc:wchar_t /Zc:forScope /Zc:inline /Yc"stdafx.h" /Fp"Debug\SDiZO3.pch" /Fo"Debug\\" /Fd"Debug\vc140.pdb" /Gd /TP /analyze- /errorReport:prompt stdafx.cpp
         stdafx.cpp
         C:\Program Files (x86)\Microsoft Visual Studio 14.0\VC\bin\CL.exe /c /ZI /nologo /W3 /WX- /Od /Oy- /D WIN32 /D _DEBUG /D _CONSOLE /D _LIB /D _UNICODE /D UNICODE /Gm /EHsc /RTC1 /MDd /GS /fp:precise /Zc:wchar_t /Zc:forScope /Zc:inline /Yu"stdafx.h" /Fp"Debug\SDiZO3.pch" /Fo"Debug\\" /Fd"Debug\vc140.pdb" /Gd /TP /analyze- /errorReport:prompt Handle.cpp Knapsack.cpp MatGraph.cpp Proj3.cpp SDiZO3.cpp
         SDiZO3.cpp
     1>d:\dropbox\infa\visual\sdizo3\sdizo3\sdizo3.cpp(8): warning C4244: 'argument': conversion from 'time_t' to 'unsigned int', possible loss of data
         Proj3.cpp
         MatGraph.cpp
         Knapsack.cpp
         Handle.cpp
     1>d:\dropbox\infa\visual\sdizo3\sdizo3\handle.cpp(492): warning C4244: 'initializing': conversion from 'unsigned __int64' to 'unsigned int', possible loss of data
         Generating Code...
       Link:
         C:\Program Files (x86)\Microsoft Visual Studio 14.0\VC\bin\link.exe /ERRORREPORT:PROMPT /OUT:"D:\Dropbox\infa\Visual\SDiZO3\Debug\SDiZO3.exe" /INCREMENTAL /NOLOGO kernel32.lib user32.lib gdi32.lib winspool.lib comdlg32.lib advapi32.lib shell32.lib ole32.lib oleaut32.lib uuid.lib odbc32.lib odbccp32.lib /MANIFEST /MANIFESTUAC:"level='asInvoker' uiAccess='false'" /manifest:embed /Debug /PDB:"D:\Dropbox\infa\Visual\SDiZO3\Debug\SDiZO3.pdb" /SUBSYSTEM:CONSOLE /TLBID:1 /DYNAMICBASE /NXCOMPAT /IMPLIB:"D:\Dropbox\infa\Visual\SDiZO3\Debug\SDiZO3.lib" /MACHINE:X86 Debug\Handle.obj
         Debug\Knapsack.obj
         Debug\MatGraph.obj
         Debug\Proj3.obj
         Debug\SDiZO3.obj
         Debug\stdafx.obj
         SDiZO3.vcxproj -> D:\Dropbox\infa\Visual\SDiZO3\Debug\SDiZO3.exe
     1>Done Building Project "D:\Dropbox\infa\Visual\SDiZO3\SDiZO3\SDiZO3.vcxproj" (Build target(s)).

Build succeeded.

Time Elapsed 00:00:06.48
