Build started 2015-05-02 20:01:47.
     1>Project "D:\Dropbox\infa\Visual\SDiZO2d\sdizo-proj2\sdizo-proj2.vcxproj" on node 2 (Build target(s)).
     1>ClCompile:
         C:\Program Files (x86)\Microsoft Visual Studio 12.0\VC\bin\CL.exe /c /ZI /nologo /W3 /WX- /Od /Oy- /D WIN32 /D _DEBUG /D _CONSOLE /D _LIB /D _UNICODE /D UNICODE /Gm /EHsc /RTC1 /MDd /GS /fp:precise /Zc:wchar_t /Zc:forScope /Fo"Debug\\" /Fd"Debug\vc120.pdb" /Gd /TP /analyze- /errorReport:prompt ford_bellman.cpp
         ford_bellman.cpp
     1>d:\dropbox\infa\visual\sdizo2d\sdizo-proj2\ford_bellman.cpp(21): warning C4018: '<' : signed/unsigned mismatch
       Link:
         C:\Program Files (x86)\Microsoft Visual Studio 12.0\VC\bin\link.exe /ERRORREPORT:PROMPT /OUT:"D:\Dropbox\infa\Visual\SDiZO2d\Debug\sdizo-proj2.exe" /INCREMENTAL /NOLOGO kernel32.lib user32.lib gdi32.lib winspool.lib comdlg32.lib advapi32.lib shell32.lib ole32.lib oleaut32.lib uuid.lib odbc32.lib odbccp32.lib /MANIFEST /MANIFESTUAC:"level='asInvoker' uiAccess='false'" /manifest:embed /DEBUG /PDB:"D:\Dropbox\infa\Visual\SDiZO2d\Debug\sdizo-proj2.pdb" /SUBSYSTEM:CONSOLE /TLBID:1 /DYNAMICBASE /NXCOMPAT /IMPLIB:"D:\Dropbox\infa\Visual\SDiZO2d\Debug\sdizo-proj2.lib" /MACHINE:X86 Debug\dfs.obj
         Debug\dijkstra.obj
         Debug\display.obj
         Debug\ford_bellman.obj
         Debug\kruskal.obj
         Debug\list_graph.obj
         Debug\main.obj
         Debug\matrix_graph.obj
         Debug\menu.obj
         Debug\my_timer.obj
         Debug\prim.obj
         Debug\test.obj
         sdizo-proj2.vcxproj -> D:\Dropbox\infa\Visual\SDiZO2d\Debug\sdizo-proj2.exe
     1>Done Building Project "D:\Dropbox\infa\Visual\SDiZO2d\sdizo-proj2\sdizo-proj2.vcxproj" (Build target(s)).

Build succeeded.

Time Elapsed 00:00:02.63
